Warning message:
package 'pacman' was built under R version 4.0.2 
Already up-to-date
Parsed with column specification:
cols(
  charity_name = col_character(),
  regno = col_double(),
  justgiving_id = col_double(),
  cause_area = col_character(),
  eaf = col_double(),
  give_well_top_2017 = col_character(),
  give_well_standout_2017 = col_double(),
  life_you_can_save = col_double(),
  ace = col_double(),
  givewell_other = col_double(),
  ad_hoc_david = col_double()
)
[1] "Searching for fundraisers for: Macmillan Cancer Support"
[1] "Searching for fundraisers for: St John Ambulance"
[1] "Searching for fundraisers for: British Heart Foundation"
[1] "Searching for fundraisers for: Guide Dogs"
[1] "Searching for fundraisers for: Great Ormond Street Hospital"
[1] "Searching for fundraisers for: Cancer Research UK"
[1] "Searching for fundraisers for: Marie Curie"
[1] "Searching for fundraisers for: RNLI - Royal National Lifeboat Institution"
[1] "Searching for fundraisers for: Keep Britain Tidy"
[1] "Searching for fundraisers for: WWF"
[1] "Searching for fundraisers for: 80,000 Hours"
[1] "Searching for fundraisers for: Against Malaria Foundation"
[1] "Searching for fundraisers for: Albert-Schweitzer-Foundation"
[1] "Searching for fundraisers for: Animal Charity Evaluators"
[1] "Searching for fundraisers for: Animal Equality"
[1] "Searching for fundraisers for: Animal Ethics"
[1] "Searching for fundraisers for: Center for Applied Rationality"
[1] "Searching for fundraisers for: Centre for Effective Altruism"
[1] "Searching for fundraisers for: Cool Earth"
[1] "Searching for fundraisers for: Development Media International"
[1] "Searching for fundraisers for: END Fund - deworming program"
[1] "Searching for fundraisers for: Evidence Action"
[1] "Searching for fundraisers for: Food Fortification Initiative"
[1] "Searching for fundraisers for: Future of Humanity Institute"
[1] "Searching for fundraisers for: GAIN - Universal Salt Iodization program"
[1] "Searching for fundraisers for: Georgetown University Initiative on Innovation, Development, and Evaluation ? Zusha! Road Safety Campaign"
[1] "Searching for fundraisers for: GiveDirectly"
[1] "Searching for fundraisers for: GiveWell"
[1] "Searching for fundraisers for: Great Ape Project"
[1] "Searching for fundraisers for: Humane Slaughter Association"
[1] "Searching for fundraisers for: Iodine Global Network"
[1] "Searching for fundraisers for: Living Goods"
[1] "Searching for fundraisers for: Machine Intelligence Research Institute"
[1] "Searching for fundraisers for: Malaria Consortium"
[1] "Searching for fundraisers for: Mercy for Animals"
[1] "Searching for fundraisers for: New Incentives"
[1] "Searching for fundraisers for: Oxfam"
[1] "Searching for fundraisers for: Project Healthy Children"
[1] "Searching for fundraisers for: Schistosomiasis Control Initiative"
[1] "Searching for fundraisers for: Sightsavers"
[1] "Searching for fundraisers for: The Good Food Institute"
[1] "Searching for fundraisers for: The Humane League"
[1] "Searching for fundraisers for: Helen Keller International"
[1] "Searching for fundraisers for: D-Rev"
[1] "Searching for fundraisers for: Fistula Foundation"
[1] "Searching for fundraisers for: Fred Hollows Foundation"
[1] "Searching for fundraisers for: Innovations for Poverty Action"
[1] "Searching for fundraisers for: Once Acre Fund"
[1] "Searching for fundraisers for: Population Services International"
[1] "Searching for fundraisers for: Possible-NOT-IDD"
[1] "Searching for fundraisers for: SEVA"
[1] "Searching for fundraisers for: Village Enterprise"
[1] "Searching for fundraisers for: Global Fund To Fight Aids Tuberculosis And Malaria"
[1] "Searching for fundraisers for: Gavi Alliance"
[1] "Searching for fundraisers for: The Carter Center Inc"
[1] "Searching for fundraisers for: Micronutrient Initiative Usa Inc"
[1] "Searching for fundraisers for: Episcopal Relief"
[1] "Searching for fundraisers for: Unicef UK"
[1] "Searching for fundraisers for: Medecins Sans Frontieres (UK)"
[1] "Searching for fundraisers for: No lean season"
[1] "Searching for fundraisers for: Malaria No More"
[1] "Searching for fundraisers for: WaterAid"
[1] "Searching for fundraisers for: Care International UK"
[1] "Getting data for fundraiser with id 13388659"
[1] "Getting data for fundraiser with id 13386490"
[1] "Getting data for fundraiser with id 13386679"
[1] "Getting data for fundraiser with id 13388313"
[1] "Getting data for fundraiser with id 13387819"
[1] "Getting data for fundraiser with id 13388323"
[1] "Getting data for fundraiser with id 13387773"
[1] "Getting data for fundraiser with id 13388129"
[1] "Getting data for fundraiser with id 13386901"
[1] "Getting data for fundraiser with id 13387985"
[1] "Getting data for fundraiser with id 13388007"
[1] "Getting data for fundraiser with id 13388078"
[1] "Getting data for fundraiser with id 13386875"
[1] "Getting data for fundraiser with id 13388131"
[1] "Getting data for fundraiser with id 13388411"
[1] "Getting data for fundraiser with id 13388446"
[1] "Getting data for fundraiser with id 13389615"
[1] "Getting data for fundraiser with id 13388183"
[1] "Getting data for fundraiser with id 13388195"
[1] "Getting data for fundraiser with id 13388347"
[1] "Getting data for fundraiser with id 13388421"
[1] "Getting data for fundraiser with id 13388475"
[1] "Getting data for fundraiser with id 13387756"
[1] "Getting data for fundraiser with id 13387786"
[1] "Getting data for fundraiser with id 13388405"
[1] "Getting data for fundraiser with id 13387808"
[1] "Getting data for fundraiser with id 13387790"
[1] "Getting data for fundraiser with id 13388447"
[1] "Getting data for fundraiser with id 13388237"
[1] "Getting data for fundraiser with id 13388410"
[1] "Getting data for fundraiser with id 13385802"
[1] "Getting data for fundraiser with id 13387898"
[1] "Getting data for fundraiser with id 13386782"
[1] "Getting data for fundraiser with id 13388063"
[1] "Getting data for fundraiser with id 13388239"
[1] "Getting data for fundraiser with id 13388170"
[1] "Getting data for fundraiser with id 13388091"
[1] "Getting data for fundraiser with id 13388049"
[1] "Getting data for fundraiser with id 13386849"
[1] "Getting data for fundraiser with id 13388071"
[1] "Getting data for fundraiser with id 13389516"
[1] "Getting data for fundraiser with id 13388101"
[1] "Getting data for fundraiser with id 13388120"
[1] "Getting data for fundraiser with id 13388611"
[1] "Getting data for fundraiser with id 13389327"
[1] "Getting data for fundraiser with id 13388631"
[1] "Getting data for fundraiser with id 13388756"
[1] "Getting data for fundraiser with id 13388909"
[1] "Getting data for fundraiser with id 13387959"
[1] "Getting data for fundraiser with id 13388025"
[1] "Getting data for fundraiser with id 13388058"
[1] "Getting data for fundraiser with id 13388343"
[1] "Getting data for fundraiser with id 13387704"
[1] "Getting data for fundraiser with id 13387881"
[1] "Getting data for fundraiser with id 13388742"
[1] "Getting data for fundraiser with id 13389904"
[1] "Getting data for fundraiser with id 13387927"
[1] "Getting data for fundraiser with id 13388194"
[1] "Getting data for fundraiser with id 13387744"
[1] "Getting data for fundraiser with id 13388437"
[1] "Getting data for fundraiser with id 13386886"
[1] "Getting data for fundraiser with id 13386580"
[1] "Getting data for fundraiser with id 13388305"
[1] "Getting data for fundraiser with id 13386897"
[1] "Getting data for fundraiser with id 13388003"
[1] "Getting data for fundraiser with id 13389014"
[1] "Getting data for fundraiser with id 13389115"
[1] "Getting data for fundraiser with id 13388231"
[1] "Getting data for fundraiser with id 13388230"
[1] "Getting data for fundraiser with id 13387911"
[1] "Getting data for fundraiser with id 13386673"
[1] "Getting data for fundraiser with id 13388825"
[1] "Getting data for fundraiser with id 13388546"
[1] "Getting data for fundraiser with id 13388619"
[1] "Getting data for fundraiser with id 13389309"
[1] "Getting data for fundraiser with id 13386467"
[1] "Getting data for fundraiser with id 13386478"
[1] "Getting data for fundraiser with id 13388709"
[1] "Getting data for fundraiser with id 13386861"
[1] "Getting data for fundraiser with id 13388242"
[1] "Getting data for fundraiser with id 13388492"
[1] "Getting data for fundraiser with id 13388512"
[1] "Getting data for fundraiser with id 13388085"
[1] "Getting data for fundraiser with id 13389007"
[1] "Getting data for fundraiser with id 13388312"
[1] "Getting data for fundraiser with id 13387849"
[1] "Getting data for fundraiser with id 13387900"
[1] "Getting data for fundraiser with id 13388458"
[1] "Getting data for fundraiser with id 13388641"
[1] "Getting data for fundraiser with id 13389613"
[1] "Getting data for fundraiser with id 13389420"
[1] "Getting data for fundraiser with id 13387935"
[1] "Getting data for fundraiser with id 13388140"
[1] "Getting data for fundraiser with id 13389509"
[1] "Getting data for fundraiser with id 13389706"
[1] "Getting data for fundraiser with id 13387871"
[1] "Getting data for fundraiser with id 13388266"
[1] "Getting data for fundraiser with id 13387933"
[1] "Getting data for fundraiser with id 13387780"
[1] "Getting data for fundraiser with id 13388708"
[1] "Getting data for fundraiser with id 13388070"
[1] "Getting data for fundraiser with id 13389312"
[1] "Getting data for fundraiser with id 13388068"
[1] "Getting data for fundraiser with id 13387834"
[1] "Getting data for fundraiser with id 13388841"
[1] "Getting data for fundraiser with id 13388159"
[1] "Getting data for fundraiser with id 13388959"
[1] "Getting data for fundraiser with id 13389414"
[1] "Getting data for fundraiser with id 13389708"
[1] "Getting data for fundraiser with id 13387838"
[1] "Getting data for fundraiser with id 13388752"
[1] "Getting data for fundraiser with id 13388116"
[1] "Getting data for fundraiser with id 13389156"
[1] "Getting data for fundraiser with id 13387211"
[1] "Getting data for fundraiser with id 13387902"
[1] "Getting data for fundraiser with id 13388169"
[1] "Getting donations from fundraiser with short name Rememberemmaandmargaret"
[1] "Getting donations from fundraiser with short name macmillan-fundraiser2020"
[1] "Getting donations from fundraiser with short name JonathanDainty"
[1] "Getting donations from fundraiser with short name irfon-valley-sch-macmillan"
[1] "Getting donations from fundraiser with short name Jo-Hollyhead2"
[1] "Getting donations from fundraiser with short name YsgolDolafon"
[1] "Getting donations from fundraiser with short name Thalia-Barnes"
[1] "Getting donations from fundraiser with short name Shirley-Turnbull5"
[1] "Getting donations from fundraiser with short name KellysKitchenCoffeeMorning"
[1] "Getting donations from fundraiser with short name Yvonne-Dwyer"
[1] "Getting donations from fundraiser with short name Molly-Cocksedge"
[1] "Getting donations from fundraiser with short name Julia-Geddes3"
[1] "Getting donations from fundraiser with short name Louise-Hughes32"
[1] "Getting donations from fundraiser with short name Daniel-Poole10"
[1] "Getting donations from fundraiser with short name Peterlouden1"
[1] "Getting donations from fundraiser with short name Matthew-Browne5"
[1] "Getting donations from fundraiser with short name Robert-Howell6"
[1] "Getting donations from fundraiser with short name Sophie-Pow"
[1] "Getting donations from fundraiser with short name Virtual-london-marathon2020"
[1] "Getting donations from fundraiser with short name Sarah-Blackwell6"
[1] "Getting donations from fundraiser with short name Samantha-Walkden7"
[1] "Getting donations from fundraiser with short name MelBurns"
[1] "Getting donations from fundraiser with short name Jenny-Baker21"
[1] "Getting donations from fundraiser with short name Fions-Ainsworth"
[1] "Getting donations from fundraiser with short name Amelia-James6"
[1] "Getting donations from fundraiser with short name Linda-Morgan-Pat-Taylor"
[1] "Getting donations from fundraiser with short name Terri-Wilkinson6"
[1] "Getting donations from fundraiser with short name Bakeyscakeys"
[1] "Getting donations from fundraiser with short name Chris-Thorman-VirtualLondonMarathon2020"
[1] "Getting donations from fundraiser with short name Samantha-Joyce2"
[1] "Getting donations from fundraiser with short name Gary-Mckenzie7"
[1] "Getting donations from fundraiser with short name Andrew-Pickford6"
[1] "Getting donations from fundraiser with short name can-not-run-will-swim"
[1] "Getting donations from fundraiser with short name gklps-agregion"
[1] "Getting donations from fundraiser with short name Lucy-Thickett"
[1] "Getting donations from fundraiser with short name Rachael-Greer20"
[1] "Getting donations from fundraiser with short name Brig-O-Don-Greene-King2"
[1] "Getting donations from fundraiser with short name ChoctoberLeicester2020"
[1] "Getting donations from fundraiser with short name traceynorthey"
[1] "Getting donations from fundraiser with short name Jason-Weir2"
[1] "Getting donations from fundraiser with short name jane-booth21"
[1] "Getting donations from fundraiser with short name Bulb-Planting-Day"
[1] "Getting donations from fundraiser with short name 3AESwallballchallenge"
[1] "Getting donations from fundraiser with short name clocking-miles-because-cancer-matters"
[1] "Getting donations from fundraiser with short name 10-day-5-k-challenge-for-macmillan-cancer2020"
[1] "Getting donations from fundraiser with short name 150-mile-bike-ride2020"
[1] "Getting donations from fundraiser with short name cycling-challenge2021"
[1] "Getting donations from fundraiser with short name enobong"
[1] "Getting donations from fundraiser with short name Nicola-Prosser2022"
[1] "Getting donations from fundraiser with short name Rachel-Marriott4"
[1] "Getting donations from fundraiser with short name BrijBansBahadur"
[1] "Getting donations from fundraiser with short name likerrunner8"
[1] "Getting donations from fundraiser with short name Michelle-Steve-Plant"
[1] "Getting donations from fundraiser with short name BSE4BHF"
[1] "Getting donations from fundraiser with short name dubaiuae6"
[1] "Getting donations from fundraiser with short name Jo-Hunt8"
[1] "Getting donations from fundraiser with short name Jacqueline-Greener"
[1] "Getting donations from fundraiser with short name BeautifulHazel"
[1] "Getting donations from fundraiser with short name Ian-Routley1"
[1] "Getting donations from fundraiser with short name bhflewisandharrisdogshow"
[1] "Getting donations from fundraiser with short name BHF-Lewis-And-Harris-Fundraising-Group"
[1] "Getting donations from fundraiser with short name aquanaut-rides"
[1] "Getting donations from fundraiser with short name Becky-O-Neill4"
[1] "Getting donations from fundraiser with short name arthur100"
[1] "Getting donations from fundraiser with short name Kate-Reeve11"
[1] "Getting donations from fundraiser with short name PIYorkPlace"
[1] "Getting donations from fundraiser with short name PIRoyalMile"
[1] "Getting donations from fundraiser with short name Bailey-Bridge"
[1] "Getting donations from fundraiser with short name Nick-White-White1"
[1] "Getting donations from fundraiser with short name Jacki-Holland"
[1] "Getting donations from fundraiser with short name JackiHolland"
[1] "Getting donations from fundraiser with short name sebhurry"
[1] "Getting donations from fundraiser with short name TazneemGOSH"
[1] "Getting donations from fundraiser with short name GOSHLM2021CD"
[1] "Getting donations from fundraiser with short name EmilyBull2021"
[1] "Getting donations from fundraiser with short name AkbarfaridGOSH"
[1] "Getting donations from fundraiser with short name Daviddiack"
[1] "Getting donations from fundraiser with short name Davidkirschner"
[1] "Getting donations from fundraiser with short name Linda-Harris9"
[1] "Getting donations from fundraiser with short name Alex-Green21"
[1] "Getting donations from fundraiser with short name Diane-Ward5"
[1] "Getting donations from fundraiser with short name Ccmanchester12441"
[1] "Getting donations from fundraiser with short name dendens"
[1] "Getting donations from fundraiser with short name Helen-McKrell1"
[1] "Getting donations from fundraiser with short name Printpresslimited"
[1] "Getting donations from fundraiser with short name Alison-Tilstone1"
[1] "Getting donations from fundraiser with short name Zac-Lockley3"
[1] "Getting donations from fundraiser with short name Daniel-Roughley"
[1] "Getting donations from fundraiser with short name brittrein"
[1] "Getting donations from fundraiser with short name Sara-Phillips73"
[1] "Getting donations from fundraiser with short name Jeanette-Pembleton"
[1] "Getting donations from fundraiser with short name Harvey-Thomas-Benton"
[1] "Getting donations from fundraiser with short name Harvey-Thomas-Benton1"
[1] "Getting donations from fundraiser with short name Sairah-Qureshi2"
[1] "Getting donations from fundraiser with short name Angela-Gray-McNicol5"
[1] "Getting donations from fundraiser with short name Naomi-Jayne2"
[1] "Getting donations from fundraiser with short name Naomi1990"
[1] "Getting donations from fundraiser with short name very-charity-scenario-2020"
[1] "Getting donations from fundraiser with short name Jack-Setters"
[1] "Getting donations from fundraiser with short name marie-curie-fundraiser-page"
[1] "Getting donations from fundraiser with short name Emily100Miles"
[1] "Getting donations from fundraiser with short name maries-fundraising-page"
[1] "Getting donations from fundraiser with short name Darren-Fettah1"
[1] "Getting donations from fundraiser with short name MikeDavies10"
[1] "Getting donations from fundraiser with short name siobhans-fundraising-page"
[1] "Getting donations from fundraiser with short name Rachel-Pimblett-Oct100k"
[1] "Getting donations from fundraiser with short name South-West-Fish-Supper-Call4Fish"
[1] "Getting donations from fundraiser with short name Kate-Robinson30"
[1] "Getting donations from fundraiser with short name Our-Planet-Challenge"
[1] "Getting donations from fundraiser with short name Abigailwalkfortheworld"
[1] "Getting donations from fundraiser with short name BrightonMarathon21-DeanJackman"
[1] "Getting donations from fundraiser with short name Halloweentreating"
[1] "Getting donations from fundraiser with short name Liru"
[1] "Getting donations from fundraiser with short name nutters-24hr-msf"
[1] "Getting donations from fundraiser with short name Rose-Wood-Yoga"
[1] "Getting donations from fundraiser with short name Sarah-Wightman2"
Time difference of 16.94361 mins
There were 50 or more warnings (use warnings() to see the first 50)

Attaching package: 'git2r'

The following objects are masked from 'package:httr':

    config, content

The following objects are masked from 'package:purrr':

    is_empty, when

The following object is masked from 'package:magrittr':

    add

The following object is masked from 'package:dplyr':

    pull

Warning message:
package 'git2r' was built under R version 4.0.2 
Warning message:
In if (num > 0) { :
  the condition has length > 1 and only the first element will be used
